<?xml version="1.0" encoding="UTF-8"?>
<testsuite name="com.codeIT.moonCalendar.MoonCalendarApplicationTests" tests="1" skipped="0" failures="0" errors="0" timestamp="2022-07-28T14:14:59" hostname="LAPTOP-E751AM93" time="0.85">
  <properties/>
  <testcase name="save()" classname="com.codeIT.moonCalendar.MoonCalendarApplicationTests" time="0.85"/>
  <system-out><![CDATA[23:14:47.037 [Test worker] DEBUG org.springframework.test.context.BootstrapUtils - Instantiating CacheAwareContextLoaderDelegate from class [org.springframework.test.context.cache.DefaultCacheAwareContextLoaderDelegate]
23:14:47.062 [Test worker] DEBUG org.springframework.test.context.BootstrapUtils - Instantiating BootstrapContext using constructor [public org.springframework.test.context.support.DefaultBootstrapContext(java.lang.Class,org.springframework.test.context.CacheAwareContextLoaderDelegate)]
23:14:47.139 [Test worker] DEBUG org.springframework.test.context.BootstrapUtils - Instantiating TestContextBootstrapper for test class [com.codeIT.moonCalendar.MoonCalendarApplicationTests] from class [org.springframework.boot.test.context.SpringBootTestContextBootstrapper]
23:14:47.164 [Test worker] INFO org.springframework.boot.test.context.SpringBootTestContextBootstrapper - Neither @ContextConfiguration nor @ContextHierarchy found for test class [com.codeIT.moonCalendar.MoonCalendarApplicationTests], using SpringBootContextLoader
23:14:47.171 [Test worker] DEBUG org.springframework.test.context.support.AbstractContextLoader - Did not detect default resource location for test class [com.codeIT.moonCalendar.MoonCalendarApplicationTests]: class path resource [com/codeIT/moonCalendar/MoonCalendarApplicationTests-context.xml] does not exist
23:14:47.173 [Test worker] DEBUG org.springframework.test.context.support.AbstractContextLoader - Did not detect default resource location for test class [com.codeIT.moonCalendar.MoonCalendarApplicationTests]: class path resource [com/codeIT/moonCalendar/MoonCalendarApplicationTestsContext.groovy] does not exist
23:14:47.173 [Test worker] INFO org.springframework.test.context.support.AbstractContextLoader - Could not detect default resource locations for test class [com.codeIT.moonCalendar.MoonCalendarApplicationTests]: no resource found for suffixes {-context.xml, Context.groovy}.
23:14:47.175 [Test worker] INFO org.springframework.test.context.support.AnnotationConfigContextLoaderUtils - Could not detect default configuration classes for test class [com.codeIT.moonCalendar.MoonCalendarApplicationTests]: MoonCalendarApplicationTests does not declare any static, non-private, non-final, nested classes annotated with @Configuration.
23:14:47.264 [Test worker] DEBUG org.springframework.test.context.support.ActiveProfilesUtils - Could not find an 'annotation declaring class' for annotation type [org.springframework.test.context.ActiveProfiles] and class [com.codeIT.moonCalendar.MoonCalendarApplicationTests]
23:14:47.394 [Test worker] DEBUG org.springframework.context.annotation.ClassPathScanningCandidateComponentProvider - Identified candidate component class: file [C:\Users\SM-PC\moonCalendar\build\classes\java\main\com\codeIT\moonCalendar\MoonCalendarApplication.class]
23:14:47.396 [Test worker] INFO org.springframework.boot.test.context.SpringBootTestContextBootstrapper - Found @SpringBootConfiguration com.codeIT.moonCalendar.MoonCalendarApplication for test class com.codeIT.moonCalendar.MoonCalendarApplicationTests
23:14:47.658 [Test worker] DEBUG org.springframework.boot.test.context.SpringBootTestContextBootstrapper - @TestExecutionListeners is not present for class [com.codeIT.moonCalendar.MoonCalendarApplicationTests]: using defaults.
23:14:47.660 [Test worker] INFO org.springframework.boot.test.context.SpringBootTestContextBootstrapper - Loaded default TestExecutionListener class names from location [META-INF/spring.factories]: [org.springframework.boot.test.autoconfigure.restdocs.RestDocsTestExecutionListener, org.springframework.boot.test.autoconfigure.web.client.MockRestServiceServerResetTestExecutionListener, org.springframework.boot.test.autoconfigure.web.servlet.MockMvcPrintOnlyOnFailureTestExecutionListener, org.springframework.boot.test.autoconfigure.web.servlet.WebDriverTestExecutionListener, org.springframework.boot.test.autoconfigure.webservices.client.MockWebServiceServerTestExecutionListener, org.springframework.boot.test.mock.mockito.MockitoTestExecutionListener, org.springframework.boot.test.mock.mockito.ResetMocksTestExecutionListener, org.springframework.test.context.web.ServletTestExecutionListener, org.springframework.test.context.support.DirtiesContextBeforeModesTestExecutionListener, org.springframework.test.context.event.ApplicationEventsTestExecutionListener, org.springframework.test.context.support.DependencyInjectionTestExecutionListener, org.springframework.test.context.support.DirtiesContextTestExecutionListener, org.springframework.test.context.transaction.TransactionalTestExecutionListener, org.springframework.test.context.jdbc.SqlScriptsTestExecutionListener, org.springframework.test.context.event.EventPublishingTestExecutionListener]
23:14:47.726 [Test worker] INFO org.springframework.boot.test.context.SpringBootTestContextBootstrapper - Using TestExecutionListeners: [org.springframework.test.context.web.ServletTestExecutionListener@54e7391d, org.springframework.test.context.support.DirtiesContextBeforeModesTestExecutionListener@50b8ae8d, org.springframework.test.context.event.ApplicationEventsTestExecutionListener@255990cc, org.springframework.boot.test.mock.mockito.MockitoTestExecutionListener@51c929ae, org.springframework.boot.test.autoconfigure.SpringBootDependencyInjectionTestExecutionListener@3c8bdd5b, org.springframework.test.context.support.DirtiesContextTestExecutionListener@29d2d081, org.springframework.test.context.transaction.TransactionalTestExecutionListener@40e4ea87, org.springframework.test.context.jdbc.SqlScriptsTestExecutionListener@58783f6c, org.springframework.test.context.event.EventPublishingTestExecutionListener@3a7b503d, org.springframework.boot.test.autoconfigure.restdocs.RestDocsTestExecutionListener@512d92b, org.springframework.boot.test.autoconfigure.web.client.MockRestServiceServerResetTestExecutionListener@62c5bbdc, org.springframework.boot.test.autoconfigure.web.servlet.MockMvcPrintOnlyOnFailureTestExecutionListener@7bdf6bb7, org.springframework.boot.test.autoconfigure.web.servlet.WebDriverTestExecutionListener@1bc53649, org.springframework.boot.test.autoconfigure.webservices.client.MockWebServiceServerTestExecutionListener@88d6f9b, org.springframework.boot.test.mock.mockito.ResetMocksTestExecutionListener@47d93e0d]
23:14:47.737 [Test worker] DEBUG org.springframework.test.context.support.AbstractDirtiesContextTestExecutionListener - Before test class: context [DefaultTestContext@1e392345 testClass = MoonCalendarApplicationTests, testInstance = [null], testMethod = [null], testException = [null], mergedContextConfiguration = [WebMergedContextConfiguration@12f3afb5 testClass = MoonCalendarApplicationTests, locations = '{}', classes = '{class com.codeIT.moonCalendar.MoonCalendarApplication}', contextInitializerClasses = '[]', activeProfiles = '{}', propertySourceLocations = '{}', propertySourceProperties = '{org.springframework.boot.test.context.SpringBootTestContextBootstrapper=true}', contextCustomizers = set[org.springframework.boot.test.autoconfigure.actuate.metrics.MetricsExportContextCustomizerFactory$DisableMetricExportContextCustomizer@26425897, org.springframework.boot.test.autoconfigure.properties.PropertyMappingContextCustomizer@0, org.springframework.boot.test.autoconfigure.web.servlet.WebDriverContextCustomizerFactory$Customizer@30bcf3c1, org.springframework.boot.test.context.filter.ExcludeFilterContextCustomizer@42f48531, org.springframework.boot.test.json.DuplicateJsonObjectContextCustomizerFactory$DuplicateJsonObjectContextCustomizer@4c4d27c8, org.springframework.boot.test.mock.mockito.MockitoContextCustomizer@0, org.springframework.boot.test.web.client.TestRestTemplateContextCustomizer@726e5805, org.springframework.boot.test.context.SpringBootTestArgs@1, org.springframework.boot.test.context.SpringBootTestWebEnvironment@2f666ebb], resourceBasePath = 'src/main/webapp', contextLoader = 'org.springframework.boot.test.context.SpringBootContextLoader', parent = [null]], attributes = map['org.springframework.test.context.web.ServletTestExecutionListener.activateListener' -> true]], class annotated with @DirtiesContext [false] with mode [null].

  .   ____          _            __ _ _
 /\\ / ___'_ __ _ _(_)_ __  __ _ \ \ \ \
( ( )\___ | '_ | '_| | '_ \/ _` | \ \ \ \
 \\/  ___)| |_)| | | | | || (_| |  ) ) ) )
  '  |____| .__|_| |_|_| |_\__, | / / / /
 =========|_|==============|___/=/_/_/_/
 :: Spring Boot ::                (v2.7.1)

2022-07-28 23:14:48.527  INFO 6604 --- [    Test worker] c.c.m.MoonCalendarApplicationTests       : Starting MoonCalendarApplicationTests using Java 11.0.15.1 on LAPTOP-E751AM93 with PID 6604 (started by SM-PC in C:\Users\SM-PC\moonCalendar)
2022-07-28 23:14:48.530  INFO 6604 --- [    Test worker] c.c.m.MoonCalendarApplicationTests       : No active profile set, falling back to 1 default profile: "default"
2022-07-28 23:14:50.323  INFO 6604 --- [    Test worker] .s.d.r.c.RepositoryConfigurationDelegate : Bootstrapping Spring Data JPA repositories in DEFAULT mode.
2022-07-28 23:14:50.437  INFO 6604 --- [    Test worker] .s.d.r.c.RepositoryConfigurationDelegate : Finished Spring Data repository scanning in 95 ms. Found 1 JPA repository interfaces.
2022-07-28 23:14:50.698  WARN 6604 --- [    Test worker] o.m.s.mapper.ClassPathMapperScanner      : No MyBatis mapper was found in '[com.codeIT.moonCalendar]' package. Please check your configuration.
2022-07-28 23:14:52.448  INFO 6604 --- [    Test worker] o.hibernate.jpa.internal.util.LogHelper  : HHH000204: Processing PersistenceUnitInfo [name: default]
2022-07-28 23:14:52.606  INFO 6604 --- [    Test worker] org.hibernate.Version                    : HHH000412: Hibernate ORM core version 5.6.9.Final
2022-07-28 23:14:53.046  INFO 6604 --- [    Test worker] o.hibernate.annotations.common.Version   : HCANN000001: Hibernate Commons Annotations {5.1.2.Final}
2022-07-28 23:14:53.299  INFO 6604 --- [    Test worker] com.zaxxer.hikari.HikariDataSource       : HikariPool-1 - Starting...
2022-07-28 23:14:53.650  INFO 6604 --- [    Test worker] com.zaxxer.hikari.HikariDataSource       : HikariPool-1 - Start completed.
2022-07-28 23:14:53.727  INFO 6604 --- [    Test worker] org.hibernate.dialect.Dialect            : HHH000400: Using dialect: org.hibernate.dialect.MySQL8Dialect
Hibernate: 
    
    drop table if exists feedback
Hibernate: 
    
    create table feedback (
       id bigint not null auto_increment,
        register_time datetime(6),
        update_time datetime(6),
        contents varchar(255),
        email varchar(255),
        read_cnt integer not null,
        title varchar(255),
        primary key (id)
    ) engine=InnoDB
2022-07-28 23:14:55.054  INFO 6604 --- [    Test worker] o.h.e.t.j.p.i.JtaPlatformInitiator       : HHH000490: Using JtaPlatform implementation: [org.hibernate.engine.transaction.jta.platform.internal.NoJtaPlatform]
2022-07-28 23:14:55.069  INFO 6604 --- [    Test worker] j.LocalContainerEntityManagerFactoryBean : Initialized JPA EntityManagerFactory for persistence unit 'default'
2022-07-28 23:14:57.013  WARN 6604 --- [    Test worker] JpaBaseConfiguration$JpaWebConfiguration : spring.jpa.open-in-view is enabled by default. Therefore, database queries may be performed during view rendering. Explicitly configure spring.jpa.open-in-view to disable this warning
2022-07-28 23:14:58.107  INFO 6604 --- [    Test worker] o.s.b.a.w.s.WelcomePageHandlerMapping    : Adding welcome page template: index
2022-07-28 23:14:59.176  INFO 6604 --- [    Test worker] c.c.m.MoonCalendarApplicationTests       : Started MoonCalendarApplicationTests in 11.343 seconds (JVM running for 14.409)
Hibernate: 
    insert 
    into
        feedback
        (register_time, update_time, contents, email, read_cnt, title) 
    values
        (?, ?, ?, ?, ?, ?)
# Success save() ~
Hibernate: 
    select
        feedback0_.id as id1_0_,
        feedback0_.register_time as register2_0_,
        feedback0_.update_time as update_t3_0_,
        feedback0_.contents as contents4_0_,
        feedback0_.email as email5_0_,
        feedback0_.read_cnt as read_cnt6_0_,
        feedback0_.title as title7_0_ 
    from
        feedback feedback0_
# Success findAll() : [FeedbackListDto [id=1, title=피드백 제목입니다., contents=피드백 내용입니다., read_cnt=0, email=회신 이메일, register_time=2022-07-28T23:14:59.551108]]
Hibernate: 
    select
        feedback0_.id as id1_0_0_,
        feedback0_.register_time as register2_0_0_,
        feedback0_.update_time as update_t3_0_0_,
        feedback0_.contents as contents4_0_0_,
        feedback0_.email as email5_0_0_,
        feedback0_.read_cnt as read_cnt6_0_0_,
        feedback0_.title as title7_0_0_ 
    from
        feedback feedback0_ 
    where
        feedback0_.id=?
# Success findById() : FeedbackListDto [id=1, title=피드백 제목입니다., contents=피드백 내용입니다., read_cnt=0, email=회신 이메일, register_time=2022-07-28T23:14:59.551108]
]]></system-out>
  <system-err><![CDATA[]]></system-err>
</testsuite>
